<?xml version="1.0" encoding="UTF-8"?>
<!-- Generated by org.testng.reporters.JUnitReportReporter -->
<testsuite hostname="Ranjeet-MacBook-Pro.local" failures="0" tests="5" name="Com.internetbaning.TestCases.TC_LoginDataTest_004" time="110.899" errors="0" timestamp="2022-11-29T09:09:59 IST" skipped="0">
  <testcase classname="Com.internetbaning.TestCases.TC_LoginDataTest_004" name="LoginData" time="25.496"/>
  <system-out/>
  <testcase classname="Com.internetbaning.TestCases.TC_LoginDataTest_004" name="LoginData" time="18.890"/>
  <system-out/>
  <testcase classname="Com.internetbaning.TestCases.TC_LoginDataTest_004" name="LoginData" time="19.713"/>
  <system-out/>
  <testcase classname="Com.internetbaning.TestCases.TC_LoginDataTest_004" name="LoginData" time="22.727"/>
  <system-out/>
  <testcase classname="Com.internetbaning.TestCases.TC_LoginDataTest_004" name="LoginData" time="24.073"/>
  <system-out/>
</testsuite> <!-- Com.internetbaning.TestCases.TC_LoginDataTest_004 -->
