<?xml version="1.0" encoding="UTF-8"?>
<!-- Generated by org.testng.reporters.JUnitReportReporter -->
<testsuite hostname="Ranjeet-MacBook-Pro.local" failures="0" tests="1" name="Com.internetbaning.TestCases.TC_AccountCreation_003" time="29.801" errors="0" timestamp="2022-11-29T08:24:00 IST" skipped="0">
  <testcase classname="Com.internetbaning.TestCases.TC_AccountCreation_003" name="AddNewAccount" time="29.801"/>
  <system-out/>
</testsuite> <!-- Com.internetbaning.TestCases.TC_AccountCreation_003 -->
